mode: set
github.com/zaouldyeck/bookings/internal/render/render.go:23.40,25.2 1 1
github.com/zaouldyeck/bookings/internal/render/render.go:27.84,33.2 5 1
github.com/zaouldyeck/bookings/internal/render/render.go:36.105,38.18 2 1
github.com/zaouldyeck/bookings/internal/render/render.go:38.18,41.3 1 0
github.com/zaouldyeck/bookings/internal/render/render.go:41.8,43.3 1 1
github.com/zaouldyeck/bookings/internal/render/render.go:46.2,47.9 2 1
github.com/zaouldyeck/bookings/internal/render/render.go:47.9,49.3 1 1
github.com/zaouldyeck/bookings/internal/render/render.go:51.2,54.16 4 1
github.com/zaouldyeck/bookings/internal/render/render.go:54.16,57.3 2 0
github.com/zaouldyeck/bookings/internal/render/render.go:60.2,61.16 2 1
github.com/zaouldyeck/bookings/internal/render/render.go:61.16,64.3 2 0
github.com/zaouldyeck/bookings/internal/render/render.go:66.2,66.12 1 1
github.com/zaouldyeck/bookings/internal/render/render.go:70.67,75.16 3 1
github.com/zaouldyeck/bookings/internal/render/render.go:75.16,77.3 1 0
github.com/zaouldyeck/bookings/internal/render/render.go:80.2,80.29 1 1
github.com/zaouldyeck/bookings/internal/render/render.go:80.29,83.17 3 1
github.com/zaouldyeck/bookings/internal/render/render.go:83.17,85.4 1 0
github.com/zaouldyeck/bookings/internal/render/render.go:87.3,88.17 2 1
github.com/zaouldyeck/bookings/internal/render/render.go:88.17,90.4 1 0
github.com/zaouldyeck/bookings/internal/render/render.go:92.3,92.23 1 1
github.com/zaouldyeck/bookings/internal/render/render.go:92.23,94.18 2 1
github.com/zaouldyeck/bookings/internal/render/render.go:94.18,96.5 1 0
github.com/zaouldyeck/bookings/internal/render/render.go:99.3,99.21 1 1
github.com/zaouldyeck/bookings/internal/render/render.go:102.2,102.21 1 1
