mode: set
github.com/zaouldyeck/bookings/internal/handlers/handlers.go:24.47,28.2 1 1
github.com/zaouldyeck/bookings/internal/handlers/handlers.go:31.33,33.2 1 1
github.com/zaouldyeck/bookings/internal/handlers/handlers.go:36.67,40.2 3 1
github.com/zaouldyeck/bookings/internal/handlers/handlers.go:43.68,55.2 5 1
github.com/zaouldyeck/bookings/internal/handlers/handlers.go:58.74,67.2 4 1
github.com/zaouldyeck/bookings/internal/handlers/handlers.go:70.78,72.16 2 1
github.com/zaouldyeck/bookings/internal/handlers/handlers.go:72.16,75.3 2 0
github.com/zaouldyeck/bookings/internal/handlers/handlers.go:77.2,90.19 6 1
github.com/zaouldyeck/bookings/internal/handlers/handlers.go:90.19,99.3 4 0
github.com/zaouldyeck/bookings/internal/handlers/handlers.go:101.2,103.66 2 1
github.com/zaouldyeck/bookings/internal/handlers/handlers.go:107.71,109.2 1 1
github.com/zaouldyeck/bookings/internal/handlers/handlers.go:112.69,114.2 1 1
github.com/zaouldyeck/bookings/internal/handlers/handlers.go:117.75,119.2 1 1
github.com/zaouldyeck/bookings/internal/handlers/handlers.go:122.79,126.2 3 1
github.com/zaouldyeck/bookings/internal/handlers/handlers.go:134.79,141.16 3 1
github.com/zaouldyeck/bookings/internal/handlers/handlers.go:141.16,143.3 1 0
github.com/zaouldyeck/bookings/internal/handlers/handlers.go:145.2,148.14 3 1
github.com/zaouldyeck/bookings/internal/handlers/handlers.go:152.70,154.2 1 1
github.com/zaouldyeck/bookings/internal/handlers/handlers.go:156.81,158.9 2 1
github.com/zaouldyeck/bookings/internal/handlers/handlers.go:158.9,163.3 4 1
github.com/zaouldyeck/bookings/internal/handlers/handlers.go:165.2,172.4 4 0
